This is pdfTeX, Version 3.1415926-2.5-1.40.14 (TeX Live 2013/Debian) (format=pdflatex 2016.2.1)  26 APR 2017 21:37
entering extended mode
 restricted \write18 enabled.
 file:line:error style messages enabled.
 %&-line parsing enabled.
**main.tex
(./main.tex
LaTeX2e <2011/06/27>
Babel <3.9h> and hyphenation patterns for 78 languages loaded.
(/usr/share/texlive/texmf-dist/tex/latex/base/article.cls
Document Class: article 2007/10/19 v1.4h Standard LaTeX document class
(/usr/share/texlive/texmf-dist/tex/latex/base/size10.clo
File: size10.clo 2007/10/19 v1.4h Standard LaTeX file (size option)
)
\c@part=\count79
\c@section=\count80
\c@subsection=\count81
\c@subsubsection=\count82
\c@paragraph=\count83
\c@subparagraph=\count84
\c@figure=\count85
\c@table=\count86
\abovecaptionskip=\skip41
\belowcaptionskip=\skip42
\bibindent=\dimen102
)
(/usr/share/texlive/texmf-dist/tex/latex/float/float.sty
Package: float 2001/11/08 v1.3d Float enhancements (AL)
\c@float@type=\count87
\float@exts=\toks14
\float@box=\box26
\@float@everytoks=\toks15
\@floatcapt=\box27
)
(/usr/share/texlive/texmf-dist/tex/latex/graphics/graphicx.sty
Package: graphicx 1999/02/16 v1.0f Enhanced LaTeX Graphics (DPC,SPQR)

(/usr/share/texlive/texmf-dist/tex/latex/graphics/keyval.sty
Package: keyval 1999/03/16 v1.13 key=value parser (DPC)
\KV@toks@=\toks16
)
(/usr/share/texlive/texmf-dist/tex/latex/graphics/graphics.sty
Package: graphics 2009/02/05 v1.0o Standard LaTeX Graphics (DPC,SPQR)

(/usr/share/texlive/texmf-dist/tex/latex/graphics/trig.sty
Package: trig 1999/03/16 v1.09 sin cos tan (DPC)
)
(/usr/share/texlive/texmf-dist/tex/latex/latexconfig/graphics.cfg
File: graphics.cfg 2010/04/23 v1.9 graphics configuration of TeX Live
)
Package graphics Info: Driver file: pdftex.def on input line 91.

(/usr/share/texlive/texmf-dist/tex/latex/pdftex-def/pdftex.def
File: pdftex.def 2011/05/27 v0.06d Graphics/color for pdfTeX

(/usr/share/texlive/texmf-dist/tex/generic/oberdiek/infwarerr.sty
Package: infwarerr 2010/04/08 v1.3 Providing info/warning/error messages (HO)
)
(/usr/share/texlive/texmf-dist/tex/generic/oberdiek/ltxcmds.sty
Package: ltxcmds 2011/11/09 v1.22 LaTeX kernel commands for general use (HO)
)
\Gread@gobject=\count88
))
\Gin@req@height=\dimen103
\Gin@req@width=\dimen104
)
(/usr/share/texlive/texmf-dist/tex/latex/caption/subcaption.sty
Package: subcaption 2013/02/03 v1.1-62 Sub-captions (AR)

(/usr/share/texlive/texmf-dist/tex/latex/caption/caption.sty
Package: caption 2013/05/02 v3.3-89 Customizing captions (AR)

(/usr/share/texlive/texmf-dist/tex/latex/caption/caption3.sty
Package: caption3 2013/05/02 v1.6-88 caption3 kernel (AR)
Package caption3 Info: TeX engine: e-TeX on input line 57.
\captionmargin=\dimen105
\captionmargin@=\dimen106
\captionwidth=\dimen107
\caption@tempdima=\dimen108
\caption@indent=\dimen109
\caption@parindent=\dimen110
\caption@hangindent=\dimen111
)
\c@ContinuedFloat=\count89
Package caption Info: float package is loaded.
)
\c@subfigure=\count90
\c@subtable=\count91
)
(/usr/share/texmf/tex/latex/xcolor/xcolor.sty
Package: xcolor 2007/01/21 v2.11 LaTeX color extensions (UK)

(/usr/share/texlive/texmf-dist/tex/latex/latexconfig/color.cfg
File: color.cfg 2007/01/18 v1.5 color configuration of teTeX/TeXLive
)
Package xcolor Info: Driver file: pdftex.def on input line 225.
Package xcolor Info: Model `cmy' substituted by `cmy0' on input line 1337.
Package xcolor Info: Model `hsb' substituted by `rgb' on input line 1341.
Package xcolor Info: Model `RGB' extended on input line 1353.
Package xcolor Info: Model `HTML' substituted by `rgb' on input line 1355.
Package xcolor Info: Model `Hsb' substituted by `hsb' on input line 1356.
Package xcolor Info: Model `tHsb' substituted by `hsb' on input line 1357.
Package xcolor Info: Model `HSB' substituted by `hsb' on input line 1358.
Package xcolor Info: Model `Gray' substituted by `gray' on input line 1359.
Package xcolor Info: Model `wave' substituted by `hsb' on input line 1360.
)
(/usr/share/texlive/texmf-dist/tex/latex/listings/listings.sty
\lst@mode=\count92
\lst@gtempboxa=\box28
\lst@token=\toks17
\lst@length=\count93
\lst@currlwidth=\dimen112
\lst@column=\count94
\lst@pos=\count95
\lst@lostspace=\dimen113
\lst@width=\dimen114
\lst@newlines=\count96
\lst@lineno=\count97
\lst@maxwidth=\dimen115

(/usr/share/texlive/texmf-dist/tex/latex/listings/lstmisc.sty
File: lstmisc.sty 2013/08/26 1.5b (Carsten Heinz)
\c@lstnumber=\count98
\lst@skipnumbers=\count99
\lst@framebox=\box29
)
(/usr/share/texlive/texmf-dist/tex/latex/listings/listings.cfg
File: listings.cfg 2013/08/26 1.5b listings configuration
))
Package: listings 2013/08/26 1.5b (Carsten Heinz)

(/usr/share/texlive/texmf-dist/tex/latex/hyperref/hyperref.sty
Package: hyperref 2012/11/06 v6.83m Hypertext links for LaTeX

(/usr/share/texlive/texmf-dist/tex/generic/oberdiek/hobsub-hyperref.sty
Package: hobsub-hyperref 2012/05/28 v1.13 Bundle oberdiek, subset hyperref (HO)


(/usr/share/texlive/texmf-dist/tex/generic/oberdiek/hobsub-generic.sty
Package: hobsub-generic 2012/05/28 v1.13 Bundle oberdiek, subset generic (HO)
Package: hobsub 2012/05/28 v1.13 Construct package bundles (HO)
Package hobsub Info: Skipping package `infwarerr' (already loaded).
Package hobsub Info: Skipping package `ltxcmds' (already loaded).
Package: ifluatex 2010/03/01 v1.3 Provides the ifluatex switch (HO)
Package ifluatex Info: LuaTeX not detected.
Package: ifvtex 2010/03/01 v1.5 Detect VTeX and its facilities (HO)
Package ifvtex Info: VTeX not detected.
Package: intcalc 2007/09/27 v1.1 Expandable calculations with integers (HO)
Package: ifpdf 2011/01/30 v2.3 Provides the ifpdf switch (HO)
Package ifpdf Info: pdfTeX in PDF mode is detected.
Package: etexcmds 2011/02/16 v1.5 Avoid name clashes with e-TeX commands (HO)
Package etexcmds Info: Could not find \expanded.
(etexcmds)             That can mean that you are not using pdfTeX 1.50 or
(etexcmds)             that some package has redefined \expanded.
(etexcmds)             In the latter case, load this package earlier.
Package: kvsetkeys 2012/04/25 v1.16 Key value parser (HO)
Package: kvdefinekeys 2011/04/07 v1.3 Define keys (HO)
Package: pdftexcmds 2011/11/29 v0.20 Utility functions of pdfTeX for LuaTeX (HO
)
Package pdftexcmds Info: LuaTeX not detected.
Package pdftexcmds Info: \pdf@primitive is available.
Package pdftexcmds Info: \pdf@ifprimitive is available.
Package pdftexcmds Info: \pdfdraftmode found.
Package: pdfescape 2011/11/25 v1.13 Implements pdfTeX's escape features (HO)
Package: bigintcalc 2012/04/08 v1.3 Expandable calculations on big integers (HO
)
Package: bitset 2011/01/30 v1.1 Handle bit-vector datatype (HO)
Package: uniquecounter 2011/01/30 v1.2 Provide unlimited unique counter (HO)
)
Package hobsub Info: Skipping package `hobsub' (already loaded).
Package: letltxmacro 2010/09/02 v1.4 Let assignment for LaTeX macros (HO)
Package: hopatch 2012/05/28 v1.2 Wrapper for package hooks (HO)
Package: xcolor-patch 2011/01/30 xcolor patch
Package: atveryend 2011/06/30 v1.8 Hooks at the very end of document (HO)
Package atveryend Info: \enddocument detected (standard20110627).
Package: atbegshi 2011/10/05 v1.16 At begin shipout hook (HO)
Package: refcount 2011/10/16 v3.4 Data extraction from label references (HO)
Package: hycolor 2011/01/30 v1.7 Color options for hyperref/bookmark (HO)
)
(/usr/share/texlive/texmf-dist/tex/generic/ifxetex/ifxetex.sty
Package: ifxetex 2010/09/12 v0.6 Provides ifxetex conditional
)
(/usr/share/texlive/texmf-dist/tex/latex/oberdiek/auxhook.sty
Package: auxhook 2011/03/04 v1.3 Hooks for auxiliary files (HO)
)
(/usr/share/texlive/texmf-dist/tex/latex/oberdiek/kvoptions.sty
Package: kvoptions 2011/06/30 v3.11 Key value format for package options (HO)
)
\@linkdim=\dimen116
\Hy@linkcounter=\count100
\Hy@pagecounter=\count101

(/usr/share/texlive/texmf-dist/tex/latex/hyperref/pd1enc.def
File: pd1enc.def 2012/11/06 v6.83m Hyperref: PDFDocEncoding definition (HO)
)
\Hy@SavedSpaceFactor=\count102

(/usr/share/texlive/texmf-dist/tex/latex/latexconfig/hyperref.cfg
File: hyperref.cfg 2002/06/06 v1.2 hyperref configuration of TeXLive
)
Package hyperref Info: Hyper figures OFF on input line 4443.
Package hyperref Info: Link nesting OFF on input line 4448.
Package hyperref Info: Hyper index ON on input line 4451.
Package hyperref Info: Plain pages OFF on input line 4458.
Package hyperref Info: Backreferencing OFF on input line 4463.
Package hyperref Info: Implicit mode ON; LaTeX internals redefined.
Package hyperref Info: Bookmarks ON on input line 4688.
\c@Hy@tempcnt=\count103

(/usr/share/texlive/texmf-dist/tex/latex/url/url.sty
\Urlmuskip=\muskip10
Package: url 2013/09/16  ver 3.4  Verb mode for urls, etc.
)
LaTeX Info: Redefining \url on input line 5041.
\XeTeXLinkMargin=\dimen117
\Fld@menulength=\count104
\Field@Width=\dimen118
\Fld@charsize=\dimen119
Package hyperref Info: Hyper figures OFF on input line 6295.
Package hyperref Info: Link nesting OFF on input line 6300.
Package hyperref Info: Hyper index ON on input line 6303.
Package hyperref Info: backreferencing OFF on input line 6310.
Package hyperref Info: Link coloring OFF on input line 6315.
Package hyperref Info: Link coloring with OCG OFF on input line 6320.
Package hyperref Info: PDF/A mode OFF on input line 6325.
LaTeX Info: Redefining \ref on input line 6365.
LaTeX Info: Redefining \pageref on input line 6369.
\Hy@abspage=\count105
\c@Item=\count106
\c@Hfootnote=\count107
)

Package hyperref Message: Driver (autodetected): hpdftex.

(/usr/share/texlive/texmf-dist/tex/latex/hyperref/hpdftex.def
File: hpdftex.def 2012/11/06 v6.83m Hyperref driver for pdfTeX
\Fld@listcount=\count108
\c@bookmark@seq@number=\count109

(/usr/share/texlive/texmf-dist/tex/latex/oberdiek/rerunfilecheck.sty
Package: rerunfilecheck 2011/04/15 v1.7 Rerun checks for auxiliary files (HO)
Package uniquecounter Info: New unique counter `rerunfilecheck' on input line 2
82.
)
\Hy@SectionHShift=\skip43
)
(/usr/share/texlive/texmf-dist/tex/latex/amsmath/amsmath.sty
Package: amsmath 2013/01/14 v2.14 AMS math features
\@mathmargin=\skip44

For additional information on amsmath, use the `?' option.
(/usr/share/texlive/texmf-dist/tex/latex/amsmath/amstext.sty
Package: amstext 2000/06/29 v2.01

(/usr/share/texlive/texmf-dist/tex/latex/amsmath/amsgen.sty
File: amsgen.sty 1999/11/30 v2.0
\@emptytoks=\toks18
\ex@=\dimen120
))
(/usr/share/texlive/texmf-dist/tex/latex/amsmath/amsbsy.sty
Package: amsbsy 1999/11/29 v1.2d
\pmbraise@=\dimen121
)
(/usr/share/texlive/texmf-dist/tex/latex/amsmath/amsopn.sty
Package: amsopn 1999/12/14 v2.01 operator names
)
\inf@bad=\count110
LaTeX Info: Redefining \frac on input line 210.
\uproot@=\count111
\leftroot@=\count112
LaTeX Info: Redefining \overline on input line 306.
\classnum@=\count113
\DOTSCASE@=\count114
LaTeX Info: Redefining \ldots on input line 378.
LaTeX Info: Redefining \dots on input line 381.
LaTeX Info: Redefining \cdots on input line 466.
\Mathstrutbox@=\box30
\strutbox@=\box31
\big@size=\dimen122
LaTeX Font Info:    Redeclaring font encoding OML on input line 566.
LaTeX Font Info:    Redeclaring font encoding OMS on input line 567.
\macc@depth=\count115
\c@MaxMatrixCols=\count116
\dotsspace@=\muskip11
\c@parentequation=\count117
\dspbrk@lvl=\count118
\tag@help=\toks19
\row@=\count119
\column@=\count120
\maxfields@=\count121
\andhelp@=\toks20
\eqnshift@=\dimen123
\alignsep@=\dimen124
\tagshift@=\dimen125
\tagwidth@=\dimen126
\totwidth@=\dimen127
\lineht@=\dimen128
\@envbody=\toks21
\multlinegap=\skip45
\multlinetaggap=\skip46
\mathdisplay@stack=\toks22
LaTeX Info: Redefining \[ on input line 2665.
LaTeX Info: Redefining \] on input line 2666.
) (./main.aux)
\openout1 = `main.aux'.

LaTeX Font Info:    Checking defaults for OML/cmm/m/it on input line 24.
LaTeX Font Info:    ... okay on input line 24.
LaTeX Font Info:    Checking defaults for T1/cmr/m/n on input line 24.
LaTeX Font Info:    ... okay on input line 24.
LaTeX Font Info:    Checking defaults for OT1/cmr/m/n on input line 24.
LaTeX Font Info:    ... okay on input line 24.
LaTeX Font Info:    Checking defaults for OMS/cmsy/m/n on input line 24.
LaTeX Font Info:    ... okay on input line 24.
LaTeX Font Info:    Checking defaults for OMX/cmex/m/n on input line 24.
LaTeX Font Info:    ... okay on input line 24.
LaTeX Font Info:    Checking defaults for U/cmr/m/n on input line 24.
LaTeX Font Info:    ... okay on input line 24.
LaTeX Font Info:    Checking defaults for PD1/pdf/m/n on input line 24.
LaTeX Font Info:    ... okay on input line 24.

(/usr/share/texlive/texmf-dist/tex/context/base/supp-pdf.mkii
[Loading MPS to PDF converter (version 2006.09.02).]
\scratchcounter=\count122
\scratchdimen=\dimen129
\scratchbox=\box32
\nofMPsegments=\count123
\nofMParguments=\count124
\everyMPshowfont=\toks23
\MPscratchCnt=\count125
\MPscratchDim=\dimen130
\MPnumerator=\count126
\makeMPintoPDFobject=\count127
\everyMPtoPDFconversion=\toks24
) (/usr/share/texlive/texmf-dist/tex/latex/oberdiek/epstopdf-base.sty
Package: epstopdf-base 2010/02/09 v2.5 Base part for package epstopdf

(/usr/share/texlive/texmf-dist/tex/latex/oberdiek/grfext.sty
Package: grfext 2010/08/19 v1.1 Manage graphics extensions (HO)
)
Package grfext Info: Graphics extension search list:
(grfext)             [.png,.pdf,.jpg,.mps,.jpeg,.jbig2,.jb2,.PNG,.PDF,.JPG,.JPE
G,.JBIG2,.JB2,.eps]
(grfext)             \AppendGraphicsExtensions on input line 452.

(/usr/share/texlive/texmf-dist/tex/latex/latexconfig/epstopdf-sys.cfg
File: epstopdf-sys.cfg 2010/07/13 v1.3 Configuration of (r)epstopdf for TeX Liv
e
))
Package caption Info: Begin \AtBeginDocument code.
Package caption Info: hyperref package is loaded.
Package caption Info: listings package is loaded.
Package caption Info: End \AtBeginDocument code.
\c@lstlisting=\count128
\AtBeginShipoutBox=\box33
Package hyperref Info: Link coloring OFF on input line 24.

(/usr/share/texlive/texmf-dist/tex/latex/hyperref/nameref.sty
Package: nameref 2012/10/27 v2.43 Cross-referencing by name of section

(/usr/share/texlive/texmf-dist/tex/generic/oberdiek/gettitlestring.sty
Package: gettitlestring 2010/12/03 v1.4 Cleanup title references (HO)
)
\c@section@level=\count129
)
LaTeX Info: Redefining \ref on input line 24.
LaTeX Info: Redefining \pageref on input line 24.
LaTeX Info: Redefining \nameref on input line 24.

(./main.out) (./main.out)
\@outlinefile=\write3
\openout3 = `main.out'.

 [1

{/var/lib/texmf/fonts/map/pdftex/updmap/pdftex.map}]
LaTeX Font Info:    Try loading font information for OMS+cmr on input line 46.
 (/usr/share/texlive/texmf-dist/tex/latex/base/omscmr.fd
File: omscmr.fd 1999/05/25 v2.5h Standard LaTeX font definitions
)
LaTeX Font Info:    Font shape `OMS/cmr/m/n' in size <10> not available
(Font)              Font shape `OMS/cmsy/m/n' tried instead on input line 46.
pdfTeX warning (ext4): destination with the same identifier (name{page.1}) has 
been already used, duplicate ignored
<to be read again> 
                   \relax 
l.76 
      [1] <task2.pdf, id=91, 569.12625pt x 258.9675pt>
File: task2.pdf Graphic file (type pdf)
 <use task2.pdf>
Package pdftex.def Info: task2.pdf used on input line 117.
(pdftex.def)             Requested size: 345.0pt x 156.98994pt.
 [2]
[3 <./task2.pdf, page is rotated 90 degrees>]
<task4a.pdf, id=152, 569.12625pt x 258.9675pt>
File: task4a.pdf Graphic file (type pdf)
 <use task4a.pdf>
Package pdftex.def Info: task4a.pdf used on input line 189.
(pdftex.def)             Requested size: 345.0pt x 156.98994pt.
 [4] [5 <./task4a.pdf, page is rotated 90 degrees>] [6] [7]
(/usr/share/texlive/texmf-dist/tex/latex/listings/lstlang1.sty
File: lstlang1.sty 2013/08/26 1.5b listings language file
)
(/usr/share/texlive/texmf-dist/tex/latex/listings/lstlang1.sty
File: lstlang1.sty 2013/08/26 1.5b listings language file
)
(/usr/share/texlive/texmf-dist/tex/latex/listings/lstmisc.sty
File: lstmisc.sty 2013/08/26 1.5b (Carsten Heinz)
)
(../task1/eventandstate.cc
LaTeX Font Info:    Try loading font information for OML+cmr on input line 3.

(/usr/share/texlive/texmf-dist/tex/latex/base/omlcmr.fd
File: omlcmr.fd 1999/05/25 v2.5h Standard LaTeX font definitions
)
LaTeX Font Info:    Font shape `OML/cmr/m/n' in size <10> not available
(Font)              Font shape `OML/cmm/m/it' tried instead on input line 3.
 [8] [9] [10]
LaTeX Font Info:    Font shape `OMS/cmr/m/it' in size <10> not available
(Font)              Font shape `OMS/cmsy/m/n' tried instead on input line 89.
LaTeX Font Info:    Font shape `OML/cmr/m/it' in size <10> not available
(Font)              Font shape `OML/cmm/m/it' tried instead on input line 94.
 [11]
[12] [13]) (../task1/main.cc [14]) (../task2/eventandstate.cc [15] [16]
[17]
Overfull \hbox (46.11484pt too wide) in paragraph at lines 76--77
[][][] 
 []


Overfull \hbox (10.11447pt too wide) in paragraph at lines 76--77
[][][] 
 []


Overfull \hbox (34.11472pt too wide) in paragraph at lines 76--77
[][][] 
 []


Overfull \hbox (34.11472pt too wide) in paragraph at lines 76--77
[][][] 
 []


Overfull \hbox (28.11465pt too wide) in paragraph at lines 77--78
[][][] 
 []


Overfull \hbox (10.11447pt too wide) in paragraph at lines 77--78
[][][] 
 []


Overfull \hbox (28.11465pt too wide) in paragraph at lines 77--78
[][][] 
 []


Overfull \hbox (10.11447pt too wide) in paragraph at lines 77--78
[][][] 
 []


Overfull \hbox (40.11478pt too wide) in paragraph at lines 81--82
[][][] 
 []


Overfull \hbox (4.11441pt too wide) in paragraph at lines 81--82
[][][] 
 []


Overfull \hbox (46.11484pt too wide) in paragraph at lines 82--83
[][][] 
 []


Overfull \hbox (10.11447pt too wide) in paragraph at lines 82--83
[][][] 
 []


Overfull \hbox (34.11472pt too wide) in paragraph at lines 82--83
[][][] 
 []


Overfull \hbox (34.11472pt too wide) in paragraph at lines 82--83
[][][] 
 []

[18]
Overfull \hbox (28.11465pt too wide) in paragraph at lines 83--84
[][][] 
 []


Overfull \hbox (10.11447pt too wide) in paragraph at lines 83--84
[][][] 
 []


Overfull \hbox (28.11465pt too wide) in paragraph at lines 83--84
[][][] 
 []


Overfull \hbox (10.11447pt too wide) in paragraph at lines 83--84
[][][] 
 []


Overfull \hbox (3.00354pt too wide) in paragraph at lines 86--87
[][][][][] 
 []


Overfull \hbox (34.11472pt too wide) in paragraph at lines 86--87
[][][] 
 []


Overfull \hbox (94.11533pt too wide) in paragraph at lines 86--87
[][][] 
 []


Overfull \hbox (34.11472pt too wide) in paragraph at lines 86--87
[][][] 
 []


Overfull \hbox (58.11496pt too wide) in paragraph at lines 86--87
[][][] 
 []


Overfull \hbox (40.11478pt too wide) in paragraph at lines 86--87
[][][] 
 []


Overfull \hbox (70.11508pt too wide) in paragraph at lines 86--87
[][][] 
 []


Overfull \hbox (34.11472pt too wide) in paragraph at lines 86--87
[][][] 
 []


Overfull \hbox (34.11472pt too wide) in paragraph at lines 86--87
[][][] 
 []


Overfull \hbox (34.11472pt too wide) in paragraph at lines 86--87
[][][] 
 []


Overfull \hbox (34.11472pt too wide) in paragraph at lines 86--87
[][][] 
 []


Overfull \hbox (82.1152pt too wide) in paragraph at lines 86--87
[][][] 
 []


Overfull \hbox (34.11472pt too wide) in paragraph at lines 86--87
[][][] 
 []


Overfull \hbox (34.11472pt too wide) in paragraph at lines 86--87
[][][] 
 []


Overfull \hbox (34.11472pt too wide) in paragraph at lines 86--87
[][][] 
 []


Overfull \hbox (100.11539pt too wide) in paragraph at lines 86--87
[][][] 
 []


Overfull \hbox (34.11472pt too wide) in paragraph at lines 86--87
[][][] 
 []


Overfull \hbox (88.11526pt too wide) in paragraph at lines 86--87
[][][] 
 []


Overfull \hbox (34.11472pt too wide) in paragraph at lines 86--87
[][][] 
 []


Overfull \hbox (34.11472pt too wide) in paragraph at lines 86--87
[][][] 
 []


Overfull \hbox (40.11478pt too wide) in paragraph at lines 86--87
[][][] 
 []


Overfull \hbox (34.11472pt too wide) in paragraph at lines 86--87
[][][] 
 []


Overfull \hbox (34.11472pt too wide) in paragraph at lines 86--87
[][][] 
 []


Overfull \hbox (28.11465pt too wide) in paragraph at lines 86--87
[][]  
 []


Overfull \hbox (46.11484pt too wide) in paragraph at lines 88--89
[][][] 
 []


Overfull \hbox (10.11447pt too wide) in paragraph at lines 88--89
[][][] 
 []


Overfull \hbox (22.1146pt too wide) in paragraph at lines 88--89
[][][] 
 []


Overfull \hbox (34.11472pt too wide) in paragraph at lines 88--89
[][][] 
 []

[19]
Overfull \hbox (4.11441pt too wide) in paragraph at lines 95--96
[][][] 
 []


Overfull \hbox (46.11484pt too wide) in paragraph at lines 105--106
[][][] 
 []


Overfull \hbox (10.11447pt too wide) in paragraph at lines 105--106
[][][] 
 []


Overfull \hbox (34.11472pt too wide) in paragraph at lines 105--106
[][][] 
 []


Overfull \hbox (34.11472pt too wide) in paragraph at lines 105--106
[][][] 
 []

[20]
Overfull \hbox (28.11465pt too wide) in paragraph at lines 106--107
[][][] 
 []


Overfull \hbox (10.11447pt too wide) in paragraph at lines 106--107
[][][] 
 []


Overfull \hbox (28.11465pt too wide) in paragraph at lines 106--107
[][][] 
 []


Overfull \hbox (10.11447pt too wide) in paragraph at lines 106--107
[][][] 
 []


Overfull \hbox (46.11484pt too wide) in paragraph at lines 110--111
[][][] 
 []


Overfull \hbox (10.11447pt too wide) in paragraph at lines 110--111
[][][] 
 []


Overfull \hbox (34.11472pt too wide) in paragraph at lines 110--111
[][][] 
 []


Overfull \hbox (34.11472pt too wide) in paragraph at lines 110--111
[][][] 
 []


Overfull \hbox (28.11465pt too wide) in paragraph at lines 111--112
[][][] 
 []


Overfull \hbox (10.11447pt too wide) in paragraph at lines 111--112
[][][] 
 []


Overfull \hbox (28.11465pt too wide) in paragraph at lines 111--112
[][][] 
 []


Overfull \hbox (10.11447pt too wide) in paragraph at lines 111--112
[][][] 
 []


Overfull \hbox (46.11484pt too wide) in paragraph at lines 114--115
[][][] 
 []


Overfull \hbox (10.11447pt too wide) in paragraph at lines 114--115
[][][] 
 []


Overfull \hbox (22.1146pt too wide) in paragraph at lines 114--115
[][][] 
 []


Overfull \hbox (34.11472pt too wide) in paragraph at lines 114--115
[][][] 
 []


Overfull \hbox (52.1149pt too wide) in paragraph at lines 114--115
[][][] 
 []


Overfull \hbox (40.11478pt too wide) in paragraph at lines 114--115
[][][] 
 []

[21] [22] [23] [24] [25]) (../task2/main.cc [26] [27]
Overfull \hbox (100.11539pt too wide) in paragraph at lines 66--68
[][][] 
 []

) (../task3/eventandstate.cc [28] [29] [30] [31] [32]) (../task3/main.cc
[33] [34]
Overfull \hbox (16.11453pt too wide) in paragraph at lines 54--58
[][][] 
 []

) (../task4/eventandstate.cc [35] [36] [37] [38]) (../task4/main.cc [39]
Overfull \hbox (16.11453pt too wide) in paragraph at lines 48--52
[][][] 
 []

[40]) (../task5/procs.cc [41] [42] [43] [44] [45] [46] [47] [48])
(../task5/main.cc [49] [50] [51]) (../task6/eventandstate.cc [52] [53] [54]
[55] [56]) (../task6/main.cc [57] [58]
Overfull \hbox (16.11453pt too wide) in paragraph at lines 64--68
[][][] 
 []

) (../task7/main.cc [59] [60]
Missing character: There is no Â in font cmr10!
Missing character: There is no ¤ in font cmr10!
 [61])
Package atveryend Info: Empty hook `BeforeClearDocument' on input line 393.
 [62]
Package atveryend Info: Empty hook `AfterLastShipout' on input line 393.
 (./main.aux)
Package atveryend Info: Executing hook `AtVeryEndDocument' on input line 393.
Package atveryend Info: Executing hook `AtEndAfterFileList' on input line 393.
Package rerunfilecheck Info: File `main.out' has not changed.
(rerunfilecheck)             Checksum: AD138EE1BCB8DD406F454F28798579BF;817.
Package atveryend Info: Empty hook `AtVeryVeryEnd' on input line 393.
 ) 
Here is how much of TeX's memory you used:
 10917 strings out of 493304
 161010 string characters out of 6139872
 463093 words of memory out of 5000000
 12442 multiletter control sequences out of 15000+600000
 9846 words of font info for 36 fonts, out of 8000000 for 9000
 957 hyphenation exceptions out of 8191
 42i,15n,61p,480b,1811s stack positions out of 5000i,500n,10000p,200000b,80000s
</usr/share/texlive/texmf-dist/fonts/type1/public/amsfonts/cm/cmbx10.pfb></us
r/share/texlive/texmf-dist/fonts/type1/public/amsfonts/cm/cmbx12.pfb></usr/shar
e/texlive/texmf-dist/fonts/type1/public/amsfonts/cm/cmbx8.pfb></usr/share/texli
ve/texmf-dist/fonts/type1/public/amsfonts/cm/cmmi10.pfb></usr/share/texlive/tex
mf-dist/fonts/type1/public/amsfonts/cm/cmmi7.pfb></usr/share/texlive/texmf-dist
/fonts/type1/public/amsfonts/cm/cmr10.pfb></usr/share/texlive/texmf-dist/fonts/
type1/public/amsfonts/cm/cmr12.pfb></usr/share/texlive/texmf-dist/fonts/type1/p
ublic/amsfonts/cm/cmr17.pfb></usr/share/texlive/texmf-dist/fonts/type1/public/a
msfonts/cm/cmr7.pfb></usr/share/texlive/texmf-dist/fonts/type1/public/amsfonts/
cm/cmr8.pfb></usr/share/texlive/texmf-dist/fonts/type1/public/amsfonts/cm/cmsy1
0.pfb></usr/share/texlive/texmf-dist/fonts/type1/public/amsfonts/cm/cmti10.pfb>
</usr/share/texlive/texmf-dist/fonts/type1/public/amsfonts/cm/cmtt10.pfb>
Output written on main.pdf (63 pages, 453985 bytes).
PDF statistics:
 2620 PDF objects out of 2984 (max. 8388607)
 2465 compressed objects within 25 object streams
 1818 named destinations out of 2073 (max. 500000)
 139 words of extra memory for PDF output out of 10000 (max. 10000000)

